objc[79513]: Class AXEmojiUtilities is implemented in both /Applications/Xcode.app/Contents/Developer/Platforms/iPhoneSimulator.platform/Developer/SDKs/iPhoneSimulator7.1.sdk/System/Library/PrivateFrameworks/AccessibilityUtilities.framework/AccessibilityUtilities and /Applications/Xcode.app/Contents/Developer/Platforms/iPhoneSimulator.platform/Developer/SDKs/iPhoneSimulator7.1.sdk/usr/lib/libAXSpeechManager.dylib. One of the two will be used. Which one is undefined.
2014-05-15 13:44:38.675 Tomatodo[79513:70b] Cannot find executable for CFBundle 0xa36a840 </Applications/Xcode.app/Contents/Developer/Platforms/iPhoneSimulator.platform/Developer/SDKs/iPhoneSimulator7.1.sdk/System/Library/AccessibilityBundles/GeoServices.axbundle> (not loaded)
2014-05-15 13:44:38.682 Tomatodo[79513:70b] Cannot find executable for CFBundle 0xa3ae9c0 </Applications/Xcode.app/Contents/Developer/Platforms/iPhoneSimulator.platform/Developer/SDKs/iPhoneSimulator7.1.sdk/System/Library/AccessibilityBundles/CertUIFramework.axbundle> (not loaded)
2014-05-15 13:44:38.725 Tomatodo[79513:70b] Multi-tasking -> Device: YES, App: YES
2014-05-15 13:44:38.761 Tomatodo[79513:70b] Unlimited access to network resources
2014-05-15 13:44:38.899 Tomatodo[79513:70b] CDVPlugin class CDVStatusBar (pluginName: statusbar) does not exist.
2014-05-15 13:44:38.900 Tomatodo[79513:70b] [CDVTimer][statusbar] 0.600994ms
2014-05-15 13:44:38.900 Tomatodo[79513:70b] [CDVTimer][TotalPluginStartup] 1.092017ms
2014-05-15 13:44:39.128 Tomatodo[79513:70b] Resetting plugins due to page load.
2014-05-15 13:44:39.413 Tomatodo[79513:70b] Finished load of: file:///Users/zhipengjiang/Library/Application%20Support/iPhone%20Simulator/7.1/Applications/9F26DC30-E0EC-4A1A-8645-28A3105C14FB/Tomatodo.app/www/index.html
2014-05-15 13:44:50.412 Tomatodo[79513:70b] Received memory warning.
objc[80348]: Class AXEmojiUtilities is implemented in both /Applications/Xcode.app/Contents/Developer/Platforms/iPhoneSimulator.platform/Developer/SDKs/iPhoneSimulator7.1.sdk/System/Library/PrivateFrameworks/AccessibilityUtilities.framework/AccessibilityUtilities and /Applications/Xcode.app/Contents/Developer/Platforms/iPhoneSimulator.platform/Developer/SDKs/iPhoneSimulator7.1.sdk/usr/lib/libAXSpeechManager.dylib. One of the two will be used. Which one is undefined.
2014-05-15 14:00:27.269 Tomatodo[80348:70b] Cannot find executable for CFBundle 0xa35a9d0 </Applications/Xcode.app/Contents/Developer/Platforms/iPhoneSimulator.platform/Developer/SDKs/iPhoneSimulator7.1.sdk/System/Library/AccessibilityBundles/GeoServices.axbundle> (not loaded)
2014-05-15 14:00:27.276 Tomatodo[80348:70b] Cannot find executable for CFBundle 0xa37ad20 </Applications/Xcode.app/Contents/Developer/Platforms/iPhoneSimulator.platform/Developer/SDKs/iPhoneSimulator7.1.sdk/System/Library/AccessibilityBundles/CertUIFramework.axbundle> (not loaded)
2014-05-15 14:00:27.342 Tomatodo[80348:70b] Multi-tasking -> Device: YES, App: YES
2014-05-15 14:00:27.351 Tomatodo[80348:70b] Unlimited access to network resources
2014-05-15 14:00:27.378 Tomatodo[80348:70b] CDVPlugin class CDVStatusBar (pluginName: statusbar) does not exist.
2014-05-15 14:00:27.378 Tomatodo[80348:70b] [CDVTimer][statusbar] 0.382006ms
2014-05-15 14:00:27.379 Tomatodo[80348:70b] [CDVTimer][TotalPluginStartup] 0.981987ms
2014-05-15 14:00:27.515 Tomatodo[80348:70b] Resetting plugins due to page load.
2014-05-15 14:00:27.868 Tomatodo[80348:70b] Finished load of: file:///Users/zhipengjiang/Library/Application%20Support/iPhone%20Simulator/7.1/Applications/9F26DC30-E0EC-4A1A-8645-28A3105C14FB/Tomatodo.app/www/index.html
2014-05-15 14:00:27.896 Tomatodo[80348:70b] CDVPlugin class CDVStatusBar (pluginName: StatusBar) does not exist.
2014-05-15 14:00:27.896 Tomatodo[80348:70b] ERROR: Plugin 'StatusBar' not found, or is not a CDVPlugin. Check your plugin mapping in config.xml.
2014-05-15 14:00:27.897 Tomatodo[80348:70b] -[CDVCommandQueue executePending] [Line 127] FAILED pluginJSON = [
  "INVALID",
  "StatusBar",
  "_ready",
  [

  ]
]
2014-05-15 14:00:27.897 Tomatodo[80348:70b] CDVPlugin class CDVDevice (pluginName: Device) does not exist.
2014-05-15 14:00:27.898 Tomatodo[80348:70b] ERROR: Plugin 'Device' not found, or is not a CDVPlugin. Check your plugin mapping in config.xml.
2014-05-15 14:00:27.898 Tomatodo[80348:70b] -[CDVCommandQueue executePending] [Line 127] FAILED pluginJSON = [
  "Device276214687",
  "Device",
  "getDeviceInfo",
  [

  ]
]
objc[82315]: Class AXEmojiUtilities is implemented in both /Applications/Xcode.app/Contents/Developer/Platforms/iPhoneSimulator.platform/Developer/SDKs/iPhoneSimulator7.1.sdk/System/Library/PrivateFrameworks/AccessibilityUtilities.framework/AccessibilityUtilities and /Applications/Xcode.app/Contents/Developer/Platforms/iPhoneSimulator.platform/Developer/SDKs/iPhoneSimulator7.1.sdk/usr/lib/libAXSpeechManager.dylib. One of the two will be used. Which one is undefined.
2014-05-15 17:02:29.221 Tomatodo[82315:70b] Cannot find executable for CFBundle 0xa3aac20 </Applications/Xcode.app/Contents/Developer/Platforms/iPhoneSimulator.platform/Developer/SDKs/iPhoneSimulator7.1.sdk/System/Library/AccessibilityBundles/GeoServices.axbundle> (not loaded)
2014-05-15 17:02:29.229 Tomatodo[82315:70b] Cannot find executable for CFBundle 0xa3ca530 </Applications/Xcode.app/Contents/Developer/Platforms/iPhoneSimulator.platform/Developer/SDKs/iPhoneSimulator7.1.sdk/System/Library/AccessibilityBundles/CertUIFramework.axbundle> (not loaded)
2014-05-15 17:02:29.269 Tomatodo[82315:70b] Multi-tasking -> Device: YES, App: YES
2014-05-15 17:02:29.333 Tomatodo[82315:70b] Unlimited access to network resources
2014-05-15 17:02:29.468 Tomatodo[82315:70b] CDVPlugin class CDVStatusBar (pluginName: statusbar) does not exist.
2014-05-15 17:02:29.469 Tomatodo[82315:70b] [CDVTimer][statusbar] 0.889003ms
2014-05-15 17:02:29.470 Tomatodo[82315:70b] [CDVTimer][TotalPluginStartup] 1.368999ms
2014-05-15 17:02:29.664 Tomatodo[82315:70b] Resetting plugins due to page load.
2014-05-15 17:02:29.769 Tomatodo[82315:70b] Finished load of: file:///Users/zhipengjiang/Library/Application%20Support/iPhone%20Simulator/7.1/Applications/9F26DC30-E0EC-4A1A-8645-28A3105C14FB/Tomatodo.app/www/index.html
2014-05-15 17:02:29.842 Tomatodo[82315:70b] CDVPlugin class CDVStatusBar (pluginName: StatusBar) does not exist.
2014-05-15 17:02:29.842 Tomatodo[82315:70b] ERROR: Plugin 'StatusBar' not found, or is not a CDVPlugin. Check your plugin mapping in config.xml.
2014-05-15 17:02:29.844 Tomatodo[82315:70b] -[CDVCommandQueue executePending] [Line 127] FAILED pluginJSON = [
  "INVALID",
  "StatusBar",
  "_ready",
  [

  ]
]
2014-05-15 17:02:29.845 Tomatodo[82315:70b] CDVPlugin class CDVDevice (pluginName: Device) does not exist.
2014-05-15 17:02:29.845 Tomatodo[82315:70b] ERROR: Plugin 'Device' not found, or is not a CDVPlugin. Check your plugin mapping in config.xml.
2014-05-15 17:02:29.845 Tomatodo[82315:70b] -[CDVCommandQueue executePending] [Line 127] FAILED pluginJSON = [
  "Device550132248",
  "Device",
  "getDeviceInfo",
  [

  ]
]
